<?xml version="1.0" encoding="UTF-8"?>
<!-- Generated by org.testng.reporters.JUnitReportReporter -->
<testsuite hostname="MARIUSC-PC" name="ro.motorzz.test.tests.RegistrationTest" tests="1" failures="0" timestamp="21 Aug 2017 11:06:04 GMT" time="0.127" errors="0">
  <testcase name="registrationTest" time="0.127" classname="ro.motorzz.test.tests.RegistrationTest"/>
</testsuite> <!-- ro.motorzz.test.tests.RegistrationTest -->
